<?xml version="1.0" encoding="UTF-8"?>
<testng-results ignored="0" total="1" passed="1" failed="0" skipped="0">
  <reporter-output>
  </reporter-output>
  <suite started-at="2024-10-03T12:07:25 IST" name="Surefire suite" finished-at="2024-10-03T12:07:25 IST" duration-ms="12">
    <groups>
    </groups>
    <test started-at="2024-10-03T12:07:25 IST" name="Surefire test" finished-at="2024-10-03T12:07:25 IST" duration-ms="12">
      <class name="NewProject.NewProject.AppTest">
        <test-method signature="testApp()[pri:0, instance:testApp(NewProject.NewProject.AppTest)]" started-at="2024-10-03T12:07:25 IST" name="testApp" finished-at="2024-10-03T12:07:25 IST" duration-ms="3" status="PASS">
          <reporter-output>
          </reporter-output>
        </test-method> <!-- testApp -->
      </class> <!-- NewProject.NewProject.AppTest -->
    </test> <!-- Surefire test -->
  </suite> <!-- Surefire suite -->
</testng-results>
